  gui.cpp
  main.cpp
  imgui.cpp
  imgui_demo.cpp
  imgui_draw.cpp
  imgui_impl_dx9.cpp
  imgui_impl_win32.cpp
  imgui_tables.cpp
  imgui_widgets.cpp
  TextEditor.cpp
D:\PShell_IDE\ImGui\TextEditor.cpp(87,28): warning C4018: '<': signed/unsigned mismatch
D:\PShell_IDE\ImGui\TextEditor.cpp(462,16): warning C4018: '>=': signed/unsigned mismatch
D:\PShell_IDE\ImGui\TextEditor.cpp(495,25): warning C4018: '>=': signed/unsigned mismatch
D:\PShell_IDE\ImGui\TextEditor.cpp(500,11): warning C4018: '<': signed/unsigned mismatch
D:\PShell_IDE\ImGui\TextEditor.cpp(513,12): warning C4018: '>=': signed/unsigned mismatch
D:\PShell_IDE\ImGui\TextEditor.cpp(532,12): warning C4018: '>=': signed/unsigned mismatch
D:\PShell_IDE\ImGui\TextEditor.cpp(543,12): warning C4018: '>=': signed/unsigned mismatch
D:\PShell_IDE\ImGui\TextEditor.cpp(1016,22): warning C4018: '<': signed/unsigned mismatch
D:\PShell_IDE\ImGui\TextEditor.cpp(1628,37): warning C4018: '>=': signed/unsigned mismatch
D:\PShell_IDE\ImGui\TextEditor.cpp(1637,14): warning C4018: '>=': signed/unsigned mismatch
D:\PShell_IDE\ImGui\TextEditor.cpp(1639,37): warning C4018: '<': signed/unsigned mismatch
D:\PShell_IDE\ImGui\TextEditor.cpp(1877,18): warning C4018: '<': signed/unsigned mismatch
D:\PShell_IDE\ImGui\TextEditor.cpp(2267,22): warning C4018: '<': signed/unsigned mismatch
D:\PShell_IDE\ImGui\TextEditor.cpp(2291,40): warning C4018: '<': signed/unsigned mismatch
D:\PShell_IDE\ImGui\TextEditor.cpp(2345,49): warning C4018: '<': signed/unsigned mismatch
D:\PShell_IDE\ImGui\TextEditor.cpp(2398,46): warning C4018: '<': signed/unsigned mismatch
  Generating code
  Previous IPDB not found, fall back to full compilation.
  All 4209 functions were compiled because no usable IPDB/IOBJ from previous compilation was found.
  Finished generating code
  PShell IDE.vcxproj -> D:\PShell_IDE\Release\PShellIDE.exe
